Microsoft (R) Macro Assembler Version 6.11		    01/02/25 16:42:53
main.asm						     Page 1 - 1


				;
				;====================================================================
				;	- Escrever um programa para ler um arquivo texto e 
				;		apresentá-lo na tela
				;	- O usuário devem informar o nome do arquivo, 
				;		assim que for apresentada a mensagem: Nome do arquivo: 
				;====================================================================
				;
					.model		small
					.stack
						
 = 000D				CR		equ		0dh
 = 000A				LF		equ		0ah
				
 0000					.data
 0000 0000			ContadorBuffer  dw 	0
 0002 4E 6F 6D 65 20 64		NomeArquivoEntrada	db		"Nome do arquivo: ", 0
       6F 20 61 72 71 75
       69 76 6F 3A 20 00
 0014 4E 6F 6D 65 20 64		NomeArquivoSaida	db		"Nome do arquivo de saida: ", 0
       6F 20 61 72 71 75
       69 76 6F 20 64 65
       20 73 61 69 64 61
       3A 20 00
 002F 49 4E 2E 74 78 74		FileNameSrc		db		"IN.txt", 0		; Nome do arquivo a ser lido
       00
 0036 4F 55 54 2E 74 78		FileNameDst		db		"OUT.txt", 0	; Nome do arquivo a ser escrito
       74 00
 003E 0000			FileHandleSrc	dw		0				; Handler do arquivo origem
 0040 0000			FileHandleDst	dw		0				; Handler do arquivo destino
 0042  07D0 [			FileBuffer		db		2000 dup (?)	; Buffer de leitura/escrita do arquivo
        00
       ]
 0812  07D0 [			NewBuffer		db		2000 dup (?)	; Buffer de leitura/escrita do arquivo
        00
       ]
 0FE2  07D0 [			OutputBuffer    db 		2000 dup(?) 	; Espaço para os BarCodes (64 bytes)
        00
       ]
				
 17B2 000A			Divisor10 		dw 		10
 17B4  07D0 [			ChecksumBuffer 	db 		2000 dup(?) 	; Espaço para os Checksums (64 bytes)
        00
       ]
 1F84 00			Pesochecksum 	db		0
 1F85 0000			ChecksumTotal   dw 		0
 1F87 0000			Checksum 		dw		0
 1F89 01			ColocaSeparador	db		1
 1F8A 0D 0A 00			MsgNewLine          db CR, LF, 0 ; Caractere para nova linha
				
 1F8D 2B			BarCodeTable DB 101011b     ; 0
 1F8E  6B				DB 1101011b    ; 1
 1F8F  4B				DB 1001011b    ; 2
 1F90  65				DB 1100101b    ; 3
 1F91  5B				DB 1011011b    ; 4
 1F92  6D				DB 1101101b    ; 5
 1F93  4D				DB 1001101b    ; 6
 1F94  53				DB 1010011b    ; 7
 1F95  69				DB 1101001b    ; 8
 1F96  35				DB 110101b    ; 9
 1F97  2D				DB 101101b     ; -
 1F98  59				DB 1011001b    ; SS
				
				; Mensagens de erros que podem aparecer na execucao do programa
 1F99 45 72 72 6F 3A 20		MsgErroOpenFile		db	"Erro: Nao foi possivel fazer a abertura do arquivo.", CR, LF, 0
       4E 61 6F 20 66 6F
       69 20 70 6F 73 73
       69 76 65 6C 20 66
       61 7A 65 72 20 61
       20 61 62 65 72 74
       75 72 61 20 64 6F
       20 61 72 71 75 69
       76 6F 2E 0D 0A 00
 1FCF 45 72 72 6F 3A 20		MsgErroCreateFile	db	"Erro: Nao foi possivel fazer a criacao do arquivo.", CR, LF, 0
       4E 61 6F 20 66 6F
       69 20 70 6F 73 73
       69 76 65 6C 20 66
       61 7A 65 72 20 61
       20 63 72 69 61 63
       61 6F 20 64 6F 20
       61 72 71 75 69 76
       6F 2E 0D 0A 00
 2004 45 72 72 6F 3A 20		MsgErroReadFile		db	"Erro: Nao foi possível fazer a leitura do arquivo.", CR, LF, 0
       4E 61 6F 20 66 6F
       69 20 70 6F 73 73
       C3 AD 76 65 6C 20
       66 61 7A 65 72 20
       61 20 6C 65 69 74
       75 72 61 20 64 6F
       20 61 72 71 75 69
       76 6F 2E 0D 0A 00
 203A 45 72 72 6F 3A 20		MsgErroSemStart		db	"Erro: Nao foi encontrado a palavra 'START' no arquivo.", CR, LF, 0
       4E 61 6F 20 66 6F
       69 20 65 6E 63 6F
       6E 74 72 61 64 6F
       20 61 20 70 61 6C
       61 76 72 61 20 27
       53 54 41 52 54 27
       20 6E 6F 20 61 72
       71 75 69 76 6F 2E
       0D 0A 00
 2073 45 72 72 6F 3A 20		MsgErroSemStop		db	"Erro: Nao foi encontrado a palavra 'STOP' no arquivo.", CR, LF, 0
       4E 61 6F 20 66 6F
       69 20 65 6E 63 6F
       6E 74 72 61 64 6F
       20 61 20 70 61 6C
       61 76 72 61 20 27
       53 54 4F 50 27 20
       6E 6F 20 61 72 71
       75 69 76 6F 2E 0D
       0A 00
 20AB 45 72 72 6F 3A 20		MsgErroWriteFile	db	"Erro: Nao foi possivel fazer a escrita do arquivo.", CR, LF, 0
       4E 61 6F 20 66 6F
       69 20 70 6F 73 73
       69 76 65 6C 20 66
       61 7A 65 72 20 61
       20 65 73 63 72 69
       74 61 20 64 6F 20
       61 72 71 75 69 76
       6F 2E 0D 0A 00
				; Mensagens de erros que podem aparecer no arquivo de texto final
 20E0 45 72 72 6F 3A 20		MsgErrorCaracterInvalido db "Erro: Nao foi possivel fazer a traducao de um caracter que eh invalido.", 0
       4E 61 6F 20 66 6F
       69 20 70 6F 73 73
       69 76 65 6C 20 66
       61 7A 65 72 20 61
       20 74 72 61 64 75
       63 61 6F 20 64 65
       20 75 6D 20 63 61
       72 61 63 74 65 72
       20 71 75 65 20 65
       68 20 69 6E 76 61
       6C 69 64 6F 2E 00
 2128 45 72 72 6F 3A 20		MsgLinhaEmBranco	db 	"Erro: Nao foi possivel fazer a transcricao de uma linha em branco.", 0
       4E 61 6F 20 66 6F
       69 20 70 6F 73 73
       69 76 65 6C 20 66
       61 7A 65 72 20 61
       20 74 72 61 6E 73
       63 72 69 63 61 6F
       20 64 65 20 75 6D
       61 20 6C 69 6E 68
       61 20 65 6D 20 62
       72 61 6E 63 6F 2E
       00
				
 0000				.code
				.startup
					; Abro o meu arquivo de entrada, se ele não existir, eu exibo uma mensagem de erro e encerro o programa
 0017  8D 16 002F R			lea		dx,FileNameSrc
 001B  E8 00D7				call	fopen
 001E  89 1E 003E R			mov		FileHandleSrc,bx
 0022  73 0C				jnc		criarArquivoSaida ; Se não der nenhum problema, vou para a proxima etapa
 0024  8D 1E 1F99 R			lea		bx, MsgErroOpenFile
 0028  E8 03A5				call	printf_s
					.exit	1
 0030				criarArquivoSaida:
					; Criando o arquivo de destino, que será o arquivo de saída, caso ele já exista, ele será sobrescrito. Se eu não conseguir
					; criar o arquivo de destino, eu fecho o arquivo de origem e exibo uma mensagem de erro
 0030  8D 16 0036 R			lea		dx,FileNameDst
 0034  E8 00C7				call	fcreate
 0037  89 1E 0040 R			mov		FileHandleDst,bx
 003B  73 13				jnc		lerArquivoDeEntrada
 003D  8B 1E 003E R			mov		bx,FileHandleSrc
 0041  E8 00C4				call	fclose
 0044  8D 1E 1FCF R			lea		bx, MsgErroCreateFile
 0048  E8 0385				call	printf_s
					.exit	1
 0050				lerArquivoDeEntrada:
					; Leio o arquivo de entrada, se eu não conseguir ler o arquivo de entrada, eu fecho os arquivos e exibo uma mensagem de erro
 0050  8B 1E 003E R			mov		bx,FileHandleSrc    
 0054  E8 00B6				call	getChar
 0057  73 1A				jnc		leituraCorretaArquivoEntrada
 0059  8D 1E 2004 R			lea		bx, MsgErroReadFile
 005D  E8 0370				call	printf_s
 0060  8B 1E 003E R			mov		bx,FileHandleSrc
 0064  E8 00A1				call	fclose
 0067  8B 1E 0040 R			mov		bx,FileHandleDst
 006B  E8 009A				call	fclose
					.exit	1
 0073				leituraCorretaArquivoEntrada:
 0073  83 F8 00				cmp		ax,0
 0076  74 02				jz		terminouLerArquivoEntrada
 0078  EB D6				jmp 	lerArquivoDeEntrada
					
 007A				terminouLerArquivoEntrada:
					; Criando um novo buffer a partir dos dados do arquivo de entrada pois eu só quero o conteudo entre o START e o STOP
 007A  8D 1E 0002 R			lea 	bx, NomeArquivoEntrada
 007E  E8 034F				call 	printf_s
 0081  8D 1E 002F R			lea 	bx, FileNameSrc
 0085  E8 0348				call 	printf_s
 0088  8D 1E 1F8A R			lea 	bx, MsgNewLine	
 008C  E8 0341				call 	printf_s
 008F  E8 0092				call    criaNovoBuffer
				
 0092  8D 36 0FE2 R			lea 	si, OutputBuffer
 0096  8D 1E 0812 R			lea 	bx, NewBuffer
				
 009A				loop_transformacoes:
					; Loop responsável por transformar cada caractere do buffer em um barcode
 009A  E8 0124				call    transformaEmBarcode
				
					; Adiciona um CR e um LF no final de cada barcode
 009D  C7 04 000A			mov 	[si], 10
 00A1  46				inc 	si
 00A2  C7 04 000D			mov 	[si], 13
 00A6  46				inc 	si
				
					; Verifica se já chegamos no final do buffer de conteudo entre START e STOP
 00A7  80 3F 00				cmp 	byte ptr [bx], 0
 00AA  75 EE				jne 	loop_transformacoes
				
					; Escreve o conteudo do buffer de barcode no arquivo de destino
 00AC  8D 36 0FE2 R			lea 	si, OutputBuffer
 00B0  8B 1E 0040 R			mov 	bx, FileHandleDst
 00B4  B9 0000				mov 	cx, 0
 00B7				loop_escrever_output:
 00B7  8A 14				mov 	dl, [si]
 00B9  80 FA 00				cmp 	byte ptr dl, 0
 00BC  74 08				je 		loop_escrever_output_fim
 00BE  53				push 	bx
					; Coloca os valores no arquivo de destino
 00BF  E8 02FE				call 	setChar
 00C2  5B				pop 	bx
 00C3  46				inc 	si
 00C4  EB F1				jmp 	loop_escrever_output
					
 00C6				loop_escrever_output_fim:
 00C6  8D 1E 0014 R			lea 	bx, NomeArquivoSaida
 00CA  E8 0303				call 	printf_s
 00CD  8D 1E 0036 R			lea 	bx, FileNameDst
 00D1  E8 02FC				call 	printf_s
 00D4  8D 1E 1F8A R			lea 	bx, MsgNewLine
 00D8  E8 02F5				call 	printf_s
 00DB  8D 1E 0FE2 R			lea 	bx, OutputBuffer
 00DF  E8 02EE				call 	printf_s
				
					; Fecha os arquivos após terminar de escrever tudo no arquivo de saída.
 00E2  8B 1E 003E R			mov		bx,FileHandleSrc	; Fecha arquivo origem
 00E6  E8 001F				call	fclose
 00E9  8B 1E 0040 R			mov		bx,FileHandleDst	; Fecha arquivo destino
 00ED  E8 0018				call	fclose
					.exit	0
				
				
				;--------------------------------------------------------------------
				;Função	Abre o arquivo cujo nome está no string apontado por DX
				;		boolean fopen(char *FileName -> DX)
				;Entra: DX -> ponteiro para o string com o nome do arquivo
				;Sai:   BX -> handle do arquivo
				;       CF -> 0, se OK
				;--------------------------------------------------------------------
 00F5				fopen	proc	near
 00F5  B0 00				mov		al,0
 00F7  B4 3D				mov		ah,3dh
 00F9  CD 21				int		21h
 00FB  8B D8				mov		bx,ax
 00FD  C3				ret
 00FE				fopen	endp
				
				;--------------------------------------------------------------------
				;Função Cria o arquivo cujo nome está no string apontado por DX
				;		boolean fcreate(char *FileName -> DX)
				;Sai:   BX -> handle do arquivo
				;       CF -> 0, se OK
				;--------------------------------------------------------------------
 00FE				fcreate	proc	near
 00FE  B9 0000				mov		cx,0
 0101  B4 3C				mov		ah,3ch
 0103  CD 21				int		21h
 0105  8B D8				mov		bx,ax
 0107  C3				ret
 0108				fcreate	endp
				
				;--------------------------------------------------------------------
				;Entra:	BX -> file handle
				;Sai:	CF -> "0" se OK
				;--------------------------------------------------------------------
 0108				fclose	proc	near
 0108  B4 3E				mov		ah,3eh
 010A  CD 21				int		21h
 010C  C3				ret
 010D				fclose	endp
				
				;--------------------------------------------------------------------
				;Função	Le um caractere do arquivo identificado pelo HANLDE BX
				;		getChar(handle->BX)
				;Entra: BX -> file handle
				;Sai:   
				;		AX -> numero de caracteres lidos
				;		CF -> "0" se leitura ok
				;--------------------------------------------------------------------
 010D				getChar proc near
 010D  B9 0001			    mov     cx, 1                  ; Number of bytes to read
 0110  8D 36 0042 R		    lea     si, FileBuffer         ; Load the base address of FileBuffer into SI
 0114  8B D6			    mov     dx, si                 ; Copy base address to DX (used by DOS)
 0116  A1 0000 R		    mov     ax, ContadorBuffer     ; Load FileCounter into AX
 0119  03 D0			    add     dx, ax                 ; Adjust DX to point to the current position
 011B  B4 3F			    mov     ah, 3Fh                ; DOS function: Read from file
 011D  CD 21			    int     21h                    ; Call DOS interrupt
 011F  FF 06 0000 R		    inc     ContadorBuffer         ; Increment the counter for the next read
 0123  C3			    ret                            ; Return to the caller
 0124				getChar endp
				
				;--------------------------------------------------------------------
				;Função que cria um novo buffer com o conteudo do arquivo que interessa
				;		
				;Sai:   
				;		NovoBuffer -> buffer com o conteudo do arquivo
				;--------------------------------------------------------------------
 0124				criaNovoBuffer    proc near
 0124  8D 1E 0042 R			lea 	bx, FileBuffer
				
 0128				criaNovoBuffer_loop:
 0128  8A 17				mov 	dl, [bx]	; Carrega o primeiro caractere do buffer
					
 012A  80 FA 00				cmp 	dl, 0		; Verifica se o buffer está vazio
 012D  74 71				je 		criaNovoBuffer_sem_start	; Se estiver, retorna
				
 012F  80 FA 53				cmp     byte ptr dl, 'S'             ; Verifica se o caractere é 'S'
 0132  75 69				jne     criaNovoBuffer_end    ; Se não for, sai do loop
				
 0134  8A 57 01				mov 	dl, [bx + 1]
				
 0137  80 FA 54				cmp     byte ptr dl, 'T'  ; Verifica se o próximo caractere é 'T'
 013A  75 61				jne     criaNovoBuffer_end    ; Se não for, sai do loop
				
 013C  8A 57 02				mov 	dl, [bx + 2]
				
 013F  80 FA 41				cmp     byte ptr dl, 'A'; Verifica se o próximo caractere é 'A'
 0142  75 59				jne     criaNovoBuffer_end    ; Se não for, sai do loop
				
 0144  8A 57 03				mov 	dl, [bx + 3]
				
 0147  80 FA 52				cmp     byte ptr dl, 'R'; Verifica se o próximo caractere é 'R'
 014A  75 51				jne     criaNovoBuffer_end    ; Se não for, sai do loop
				
 014C  8A 57 04				mov 	dl, [bx + 4]
				
 014F  80 FA 54				cmp     byte ptr dl, 'T'; Verifica se o próximo caractere é 'T'
 0152  75 49				jne     criaNovoBuffer_end    ; Se não for, sai do loop
 0154  83 C3 04				add     bx, 4
 0157  8D 36 0812 R			lea 	si, NewBuffer
					
 015B  80 7F 01 0D			cmp 	byte ptr [bx + 1], 13
 015F  74 02				je 		incrementa_bx_start
				
 0161  EB 03				jmp 	criaNovoBuffer_loop2 
				
 0163				incrementa_bx_start:
 0163  83 C3 02				add 	bx, 2
				
 0166				criaNovoBuffer_loop2:
 0166  43				inc 	bx
 0167  8A 17				mov 	dl, [bx]
 0169				criaNovoBuffer_insere:
 0169  03 C6				add     ax, si
 016B  43				inc 	bx
 016C  8A 17				mov 	dl, [bx]
 016E  80 FA 00				cmp     byte ptr dl, 0 
 0171  74 43				je		criaNovoBuffer_sem_stop
				
 0173  88 14				mov 	byte ptr [si], dl
 0175  46				inc 	si
				
 0176  80 FA 53				cmp 	byte ptr dl, 'S' ; Verifica se o próximo caractere é 'S' de 'STOP'
 0179  75 EE				jne		criaNovoBuffer_insere
 017B  4E				dec 	si 
				
 017C  8A 57 01				mov 	dl, [bx + 1]
 017F  80 FA 54				cmp 	byte ptr dl, 'T' ; Verifica se o próximo caractere é 'T' de 'STOP'
 0182  75 E5				jne		criaNovoBuffer_insere
 0184  8A 57 02				mov 	dl, [bx + 2]
 0187  80 FA 4F				cmp 	byte ptr dl, 'O' ; Verifica se o próximo caractere é 'O' de 'STOP'
 018A  75 DD				jne		criaNovoBuffer_insere
 018C  8A 57 03				mov 	dl, [bx + 3]
 018F  80 FA 50				cmp 	byte ptr dl, 'P' ; Verifica se o próximo caractere é 'P' de 'STOP'
 0192  75 D5				jne		criaNovoBuffer_insere
 0194  83 C3 04				add 	bx, 4
				
 0197  C7 04 0000			mov     [si], 0
					
 019B  EB 11				jmp     criaNovoBuffer_print
					
 019D				criaNovoBuffer_end:
 019D  43				inc 	bx
 019E  EB 88				jmp 	criaNovoBuffer_loop
				
 01A0				criaNovoBuffer_sem_start:
 01A0  83 F9 00				cmp 	cx, 0
 01A3  8D 1E 203A R			lea 	bx, MsgErroSemStart
 01A7  E8 0226				call 	printf_s
					.exit
				
 01AE				criaNovoBuffer_print:
 01AE  8D 1E 0812 R			lea 	bx, NewBuffer
				
 01B2  E8 021B				call 	printf_s
 01B5  C3				ret
				
 01B6				criaNovoBuffer_sem_stop:
 01B6  8D 1E 2073 R			lea 	bx, MsgErroSemStop
 01BA  E8 0213				call 	printf_s
					.exit
				
 01C1				criaNovoBuffer    endp
				
				;--------------------------------------------------------------------
				;Função que traduz cada caracter do novo buffer em um barcode 
				;		
				;Sai:   
				;		Buffer com dados em barcode
				;--------------------------------------------------------------------
 01C1				transformaEmBarcode proc near
 01C1  B9 000B				mov     cx, 11
 01C4  E8 00AE				call    transforma_em_barcode_exec
				
 01C7  8C DA				mov 	dx, ds
 01C9  8E C2				mov 	es, dx
 01CB  BF 0000				mov 	di, 0
 01CE  8D 3E 17B4 R			lea 	di, ChecksumBuffer
 01D2  33 C0			    xor     ax, ax                ; Zera AX para evitar resíduos
				
 01D4				transformaEmBarcode_loop:
 01D4  8A 17				mov     dl, [bx]
 01D6  88 15				mov 	[di], dl
 01D8  43				inc 	bx
 01D9  47				inc 	di
				
 01DA  80 FA 00				cmp     byte ptr dl, 0    ; Verifica se o buffer está vazio
 01DD  75 03 E9 00EB			je      transformaEmBarcode_fim_traducao    ; Se estiver, retorna
				
 01E2  80 FA 0D				cmp 	byte ptr dl, 13
 01E5  75 03 E9 00E3			je 		transformaEmBarcode_fim_traducao
				
 01EA  80 FA 0A				cmp 	byte ptr dl, 10
 01ED  75 03 E9 00DB			je 		transformaEmBarcode_fim_traducao
				
 01F2  B9 0000				mov 	cx, 0
 01F5  80 FA 30				cmp     byte ptr dl, '0'    ; Verifica se o caractere é '0'
 01F8  74 75				je      transformaEmBarcode_codigo    ; Se for, pula para a função que transforma em barcode
				
 01FA  B9 0001				mov 	cx, 1
 01FD  80 FA 31				cmp     byte ptr dl, '1'    ; Verifica se o caractere é '1'
 0200  74 6D				je      transformaEmBarcode_codigo    ; Se for, pula para a função que transforma em barcode
				
 0202  B9 0002				mov 	cx, 2
 0205  80 FA 32				cmp     byte ptr dl, '2'    ; Verifica se o caractere é '2'
 0208  74 65				je      transformaEmBarcode_codigo    ; Se for, pula para a função que transforma em barcode
				
 020A  B9 0003				mov 	cx, 3
 020D  80 FA 33				cmp     byte ptr dl, '3'    ; Verifica se o caractere é '3'
 0210  74 5D				je      transformaEmBarcode_codigo    ; Se for, pula para a função que transforma em barcode
				
 0212  B9 0004				mov 	cx, 4
 0215  80 FA 34				cmp     byte ptr dl, '4'    ; Verifica se o caractere é '4'
 0218  74 55				je      transformaEmBarcode_codigo    ; Se for, pula para a função que transforma em barcode
				
 021A  B9 0005				mov 	cx, 5
 021D  80 FA 35				cmp     byte ptr dl, '5'    ; Verifica se o caractere é '5'
 0220  74 4D				je      transformaEmBarcode_codigo    ; Se for, pula para a função que transforma em barcode
				
 0222  B9 0006				mov 	cx, 6
 0225  80 FA 36				cmp     byte ptr dl, '6'    ; Verifica se o caractere é '6'
 0228  74 45				je      transformaEmBarcode_codigo    ; Se for, pula para a função que transforma em barcode
				
 022A  B9 0007				mov 	cx, 7
 022D  80 FA 37				cmp     byte ptr dl, '7'    ; Verifica se o caractere é '7'
 0230  74 3D				je      transformaEmBarcode_codigo    ; Se for, pula para a função que transforma em barcode
				
 0232  B9 0008				mov 	cx, 8
 0235  80 FA 38				cmp     byte ptr dl, '8'    ; Verifica se o caractere é '8'
 0238  74 35				je      transformaEmBarcode_codigo    ; Se for, pula para a função que transforma em barcode
				
 023A  B9 0009				mov 	cx, 9
 023D  80 FA 39				cmp     byte ptr dl, '9'    ; Verifica se o caractere é '9'
 0240  74 2D				je      transformaEmBarcode_codigo    ; Se for, pula para a função que transforma em barcode
				
 0242  B9 000A				mov 	cx, 10
 0245  80 FA 2D				cmp     byte ptr dl, '-'    ; Verifica se o caractere é '-'
 0248  74 25				je      transformaEmBarcode_codigo    ; Se for, pula para a função que transforma em barcode
				
 024A  EB 00				jmp     transformaEmBarcode_erro_caractere_invalido
				
 024C				transformaEmBarcode_erro_caractere_invalido:
 024C				loop_volta_inicio_linha:
				
 024C  83 EE 01				sub 	si, 1
 024F  8A 14				mov 	dl, [si]
				
 0251  80 FA 00			    cmp 	dl, 0
 0254  75 03 E9 0128		    je  	erro_caracter_invalido
				
 0259  80 FA 0A				cmp 	dl, 10
 025C  75 03 E9 0120			je 		erro_caracter_invalido
				
 0261  80 FA 0D				cmp 	dl, 13
 0264  75 03 E9 0118			je 		erro_caracter_invalido
				
 0269  C7 04 0000			mov 	[si], 0
				
 026D  EB DD				jmp 	loop_volta_inicio_linha
				
 026F				transformaEmBarcode_codigo:
 026F  E8 0003				call 	transforma_em_barcode_exec
 0272  E9 FF5F				jmp 	transformaEmBarcode_loop
				
 0275				transforma_em_barcode_exec:
 0275  53				push 	bx
 0276  8D 1E 1F8D R			lea 	bx, BarCodeTable
 027A  03 D9				add 	bx, cx
 027C  8A 17				mov 	dl, [bx]
 027E  5B				pop 	bx
 027F				loop_acha_primeiro:
 027F  D0 E2				shl		dl, 1
 0281  72 02				jc 		loop_coloca_valores
 0283  EB FA				jmp 	loop_acha_primeiro
				
 0285				loop_coloca_valores:
 0285  B8 0030				mov  	ax, 30h
 0288  83 D0 00				adc  	ax, 0
				
 028B  89 04				mov	 	[si], ax
 028D  46				inc 	si
				
 028E  80 FA 00				cmp 	dl, 0
 0291  74 04				je  	loop_coloca_valores_acaba
				
 0293  D0 E2				shl 	dl, 1
 0295  EB EE				jmp 	loop_coloca_valores
				
 0297				loop_coloca_valores_acaba:
					
 0297  83 F9 0A				cmp 	cx, 10
 029A  7F 21				jg 		loop_coloca_valores_acaba_final
 029C  53				push 	bx
 029D  52				push 	dx
 029E  8A 17				mov 	dl, [bx]
				
 02A0  80 3E 1F89 R 00			cmp 	ColocaSeparador, 0
 02A5  74 14				je  	pula_coloca_zero
				
 02A7  80 FA 00				cmp     byte ptr dl, 0    ; Verifica se o buffer está vazio
 02AA  74 0F				je      pula_coloca_zero    ; Se estiver, retorna
				
 02AC  80 FA 0D				cmp 	byte ptr dl, 13
 02AF  74 0A				je 		pula_coloca_zero
				
 02B1  80 FA 0A				cmp 	byte ptr dl, 10
 02B4  74 05				je 		pula_coloca_zero
					
 02B6  C7 04 0030			mov 	[si], '0'
 02BA  46				inc 	si
 02BB				pula_coloca_zero:
 02BB  5A				pop 	dx
 02BC  5B				pop 	bx
					
 02BD				loop_coloca_valores_acaba_final:
 02BD  C3				ret
				
 02BE				avanca_apos_0D:
 02BE  43				inc 	bx
 02BF  80 3F 0D				cmp 	byte ptr [bx], 13
 02C2  75 03 E9 00E1			je 		coloca_SS_terminar
 02C7  E9 FF0A				jmp 	transformaEmBarcode_loop
				
 02CA				incrementa_di:
 02CA  47				inc di
 02CB  EB 20				jmp loop_conta_palavras_checksum
				
 02CD				transformaEmBarcode_fim_traducao: 
 02CD  80 FA 0D				cmp 	dl, 13
 02D0  74 EC				je 		avanca_apos_0D
 02D2  83 F9 0B			    cmp 	cx, 11
 02D5  75 03 E9 0098			je      erro_linha_vazia_fim	
 02DA  C6 05 00			    mov     byte ptr [di], 0      ; Adiciona terminador null no final do ChecksumBuffer
 02DD  51			    push    cx                    ; Salva CX
 02DE  53			    push    bx
 02DF  57			    push    di
 02E0  56			    push    si
 02E1  50			    push    ax
				
				    ; Calcula o comprimento da palavra
 02E2  B1 00			    mov     cl, 0                 ; Zera CL (contador de caracteres)
 02E4  8D 3E 17B4 R		    lea     di, ChecksumBuffer    ; Ponteiro para o início do buffer
				
 02E8  80 3D 0D				cmp 	byte ptr [di], 13
 02EB  74 DD				je 		incrementa_di
 02ED				loop_conta_palavras_checksum:
 02ED  80 3D 0A			    cmp     byte ptr [di], 10      ; Verifica o final da palavra
 02F0  74 0A			    je      loop_conta_palavras_end
 02F2  80 3D 0D				cmp 	byte ptr [di], 13
 02F5  74 05				je 		loop_conta_palavras_end
 02F7  47			    inc     di                    ; Avança para o próximo caractere
 02F8  FE C1			    inc     cl                    ; Incrementa o comprimento
 02FA  EB F1			    jmp     loop_conta_palavras_checksum
				
 02FC				loop_conta_palavras_end:
 02FC  88 0E 1F84 R		    mov     Pesochecksum, cl      ; Define o peso inicial como o comprimento da palavra
 0300  80 3E 1F84 R 00		    cmp     Pesochecksum, 0
 0305  74 66			    jz      erro_linha_vazia
				
 0307  8D 36 17B4 R		    lea     si, ChecksumBuffer    ; Ponteiro para o início do buffer
 030B  80 3C 0D				cmp 	byte ptr [si], 13
 030E  74 02				je 		incrementa_si
 0310  EB 01				jmp 	zerar_checksum
 0312				incrementa_si:
 0312  46				inc si
				
 0313				zerar_checksum:
 0313  C7 06 1F85 R 0000	    mov     ChecksumTotal, 0      ; Zera o ChecksumTotal
 0319				loop_calcula_checksum:
 0319  8A 04			    mov     al, [si]              ; Carrega o próximo byte do ChecksumBuffer em AL
 031B  3C 00			    cmp     al, 0                 ; Verifica se chegou ao final do buffer
 031D  74 28			    je      checksum_done
				
				    ; Ignora caracteres indesejados (CR e LF)
 031F  3C 0D			    cmp     al, 0Dh               ; CR
 0321  74 18			    je      ignora_caractere
 0323  3C 0A			    cmp     al, 0Ah               ; LF
 0325  74 14			    je      ignora_caractere
				
				    ; Converte o caractere numérico de ASCII para número
 0327  3C 2D				cmp 	al, '-'
 0329  74 04				je		coloca_valor_correto_travessao
 032B  2C 30			    sub     al, '0'               ; Converte de ASCII para número
 032D  EB 02				jmp 	nao_eh_travessao
				
 032F				coloca_valor_correto_travessao:
 032F  B0 0A				mov 	al, 10
				
 0331				nao_eh_travessao:
 0331  B4 00			    mov     ah, 0                 ; Garante que AH está zerado
 0333  F6 26 1F84 R		    mul     Pesochecksum          ; Multiplica pelo peso
				
				    ; Soma ao total do checksum
 0337  01 06 1F85 R		    add     ChecksumTotal, ax
				
 033B				ignora_caractere:
				    ; Ignora o caractere e avança no buffer
 033B  46			    inc     si                    ; Avança para o próximo caractere
 033C  FE 0E 1F84 R		    dec     Pesochecksum          ; Reduz o peso
 0340  80 3E 1F84 R 00		    cmp     Pesochecksum, 0
 0345  75 D2			    jnz     loop_calcula_checksum
				
 0347				checksum_done:
				    ; Salva registradores na pilha
 0347  50			    push    ax
 0348  53			    push    bx
 0349  51			    push    cx
 034A  52			    push    dx
				
				    ; Calcula o resto da divisão do ChecksumTotal por 11
 034B  A1 1F85 R		    mov     ax, ChecksumTotal      ; Carrega o ChecksumTotal em AX
 034E  B3 0B			    mov     bl, 11                 ; Define o divisor como 11
 0350  F6 F3			    div     bl                     ; AL = Quociente, AH = Resto
				
				    ; AH contém o resto da divisão
 0352  8A CC			    mov     cl, ah                 ; Move o resto para CL
 0354  32 E4			    xor     ah, ah                 ; Limpa AH para evitar resíduos
				
				
				    ; Imprime o valor do resto (divisão do checksum por 11)
 0356  50			    push    ax                     ; Salva AX antes da exibição
 0357  8B C1			    mov     ax, cx                 ; Move o valor do resto para AX
 0359  A3 1F87 R			mov 	Checksum, ax
 035C  E8 0082			    call    print_number           ; Imprime o valor do checksum dividido por 11
 035F  8D 1E 1F8A R		    lea     bx, MsgNewLine         ; Prepara nova linha
 0363  E8 006A			    call    printf_s
 0366  58			    pop     ax                     ; Restaura AX
				
				    ; Restaura registradores
 0367  5A			    pop     dx
 0368  59			    pop     cx
 0369  5B			    pop     bx
 036A  58			    pop     ax
				
				    ; Continua para a próxima etapa
 036B  EB 2A			    jmp     termina_calculo_checksum
				
				
 036D				erro_linha_vazia:
				
 036D  58				pop     ax
 036E  5E			    pop     si
 036F  5F			    pop     di
 0370  5B			    pop     bx
 0371  59			    pop     cx
 0372				erro_linha_vazia_fim:
 0372  83 EE 07				sub 	si, 7 ; Apagar o SS inicial que sempre é colocado, independentemente se checksum é 0 ou não.
				
 0375  57				push 	di
 0376  8D 3E 2128 R			lea 	di, MsgLinhaEmBranco
 037A  E8 0037				call 	coloca_erro_no_buffer
 037D  5F				pop 	di
				
 037E  4E				dec 	si
 037F  EB 32				jmp 	return_transformacao
				
 0381				erro_caracter_invalido:
 0381  46				inc 	si
 0382  57				push 	di
 0383  8D 3E 20E0 R			lea 	di, MsgErrorCaracterInvalido
 0387  E8 002A				call 	coloca_erro_no_buffer
 038A  5F				pop 	di
				
 038B  4E				dec 	si
 038C				loop_avanca_ate_acabar_palavra_incorreta:
				
 038C  43				inc 	bx
 038D  8A 17				mov 	dl, [bx]
				
 038F  80 FA 0A				cmp 	dl, 10
 0392  75 F8				jne 	loop_avanca_ate_acabar_palavra_incorreta
				
 0394  43				inc 	bx
 0395  EB 1C				jmp 	return_transformacao
				
 0397				termina_calculo_checksum:
				    ; Restaura registradores salvos e retorna
 0397  58				pop     ax
 0398  5E			    pop     si
 0399  5F			    pop     di
 039A  5B			    pop     bx
 039B  59			    pop     cx
				
 039C  C6 06 1F89 R 00			mov 	ColocaSeparador, 0
 03A1  8B 0E 1F87 R			mov 	cx, Checksum
 03A5  E8 FECD				call 	transforma_em_barcode_exec
				
 03A8				coloca_SS_terminar:
				
 03A8  C6 06 1F89 R 01			mov 	ColocaSeparador, 1
 03AD  B9 000B				mov     cx, 11
 03B0  E8 FEC2				call    transforma_em_barcode_exec
				
 03B3				return_transformacao:
 03B3  C3			    ret
				
				
 03B4				transformaEmBarcode endp
				
				;--------------------------------------------------------------------
				;Função: Coloca string de erro no buffer do arquivo
				;Entra: (S) -> SI -> aponta para o local do buffer
				;Sai:	(A) -> DI -> aponta para o inicio da string
				;--------------------------------------------------------------------
 03B4				coloca_erro_no_buffer 	proc near
 03B4				loop_percorre_string:
 03B4  8A 15				mov		dl, [di]
				
 03B6  88 14				mov 	[si], dl
				
 03B8  46				inc 	si
 03B9  47				inc 	di
				
 03BA  80 FA 00				cmp 	dl, 0
 03BD  75 F5				jne 	loop_percorre_string
				
 03BF  C3				ret
 03C0				coloca_erro_no_buffer endp
				
				
				;--------------------------------------------------------------------
				;Entra: BX -> file handle
				;       dl -> caractere
				;Sai:   AX -> numero de caracteres escritos
				;		CF -> "0" se escrita ok
				;--------------------------------------------------------------------
 03C0				setChar	proc	near
 03C0  B4 40				mov		ah,40h
 03C2  B9 0001				mov		cx,1
 03C5  88 16 0042 R			mov		FileBuffer,dl
 03C9  8D 16 0042 R			lea		dx,FileBuffer
 03CD  CD 21				int		21h
 03CF  C3				ret
 03D0				setChar	endp	
				
				
				;--------------------------------------------------------------------
				;Função Escrever um string na tela
				;		printf_s(char *s -> BX)
				;--------------------------------------------------------------------
 03D0				printf_s	proc	near
 03D0  8A 17				mov		dl,[bx]
 03D2  80 FA 00				cmp		dl,0
 03D5  74 09				je		ps_1
				
 03D7  53				push	bx
 03D8  B4 02				mov		ah,2
 03DA  CD 21				int		21H
 03DC  5B				pop		bx
				
 03DD  43				inc		bx		
 03DE  EB F0				jmp		printf_s
				
 03E0				ps_1:
 03E0  C3				ret
 03E1				printf_s	endp
				
				
				
				;--------------------------------------------------------------------
				; Função para imprimir um número na tela
				; Entrada: AX contém o número a ser impresso
				;--------------------------------------------------------------------
 03E1				print_number proc near
 03E1  50			    push    ax                    ; Salva AX
 03E2  52			    push    dx                    ; Salva DX
 03E3  33 C9			    xor     cx, cx                ; Zera CX (contador de dígitos)
				
				    ; Calcula os dígitos do número (armazenados na pilha)
 03E5				print_number_loop:
 03E5  33 D2			    xor     dx, dx                ; Zera DX
 03E7  F7 36 17B2 R		    div     word ptr Divisor10    ; Divide AX por 10 (quociente em AX, resto em DX)
 03EB  52			    push    dx                    ; Armazena o dígito na pilha
 03EC  41			    inc     cx                    ; Incrementa o contador de dígitos
 03ED  85 C0			    test    ax, ax                ; Verifica se o quociente é 0
 03EF  75 F4			    jnz     print_number_loop     ; Continua se ainda houver dígitos
				
				    ; Imprime os dígitos na ordem correta
 03F1				print_number_output:
 03F1  5A			    pop     dx                    ; Recupera o próximo dígito
 03F2  80 C2 30			    add     dl, '0'               ; Converte o dígito para ASCII
 03F5  B4 02			    mov     ah, 2                 ; Função para imprimir caractere
 03F7  CD 21			    int     21h                   ; Chama a interrupção do DOS
 03F9  E2 F6			    loop    print_number_output   ; Continua até imprimir todos os dígitos
				
 03FB  5A			    pop     dx                    ; Restaura DX
 03FC  58			    pop     ax                    ; Restaura AX
 03FD  C3			    ret
 03FE				print_number endp
				
				;--------------------------------------------------------------------
						end
				;--------------------------------------------------------------------
Microsoft (R) Macro Assembler Version 6.11		    01/02/25 16:42:53
main.asm						     Symbols 2 - 1




Segments and Groups:

                N a m e                 Size     Length   Align   Combine Class

DGROUP . . . . . . . . . . . . .	GROUP
_DATA  . . . . . . . . . . . . .	16 Bit	 216B	  Word	  Public  'DATA'	
STACK  . . . . . . . . . . . . .	16 Bit	 0400	  Para	  Stack	  'STACK'	 
_TEXT  . . . . . . . . . . . . .	16 Bit	 03FE	  Word	  Public  'CODE'	


Procedures,  parameters and locals:

                N a m e                 Type     Value    Attr

coloca_erro_no_buffer  . . . . .	P Near	 03B4	  _TEXT	Length= 000C Private
criaNovoBuffer . . . . . . . . .	P Near	 0124	  _TEXT	Length= 014E Private
fclose . . . . . . . . . . . . .	P Near	 0108	  _TEXT	Length= 0005 Private
fcreate  . . . . . . . . . . . .	P Near	 00FE	  _TEXT	Length= 000A Private
fopen  . . . . . . . . . . . . .	P Near	 00F5	  _TEXT	Length= 0009 Private
getChar  . . . . . . . . . . . .	P Near	 010D	  _TEXT	Length= 0017 Private
print_number . . . . . . . . . .	P Near	 03E1	  _TEXT	Length= 001D Private
printf_s . . . . . . . . . . . .	P Near	 03D0	  _TEXT	Length= 0011 Private
setChar  . . . . . . . . . . . .	P Near	 03C0	  _TEXT	Length= 0010 Private
transformaEmBarcode  . . . . . .	P Near	 01C1	  _TEXT	Length= 0200 Private


Symbols:

                N a m e                 Type     Value    Attr

@CodeSize  . . . . . . . . . . .	Number	 0000h	 
@DataSize  . . . . . . . . . . .	Number	 0000h	 
@Interface . . . . . . . . . . .	Number	 0000h	 
@Model . . . . . . . . . . . . .	Number	 0002h	 
@Startup . . . . . . . . . . . .	L Near	 0000	  _TEXT	
@code  . . . . . . . . . . . . .	Text   	 _TEXT
@data  . . . . . . . . . . . . .	Text   	 DGROUP
@fardata?  . . . . . . . . . . .	Text   	 FAR_BSS
@fardata . . . . . . . . . . . .	Text   	 FAR_DATA
@stack . . . . . . . . . . . . .	Text   	 DGROUP
BarCodeTable . . . . . . . . . .	Byte	 1F8D	  _DATA	
CR . . . . . . . . . . . . . . .	Number	 000Dh	 
ChecksumBuffer . . . . . . . . .	Byte	 17B4	  _DATA	
ChecksumTotal  . . . . . . . . .	Word	 1F85	  _DATA	
Checksum . . . . . . . . . . . .	Word	 1F87	  _DATA	
ColocaSeparador  . . . . . . . .	Byte	 1F89	  _DATA	
ContadorBuffer . . . . . . . . .	Word	 0000	  _DATA	
Divisor10  . . . . . . . . . . .	Word	 17B2	  _DATA	
FileBuffer . . . . . . . . . . .	Byte	 0042	  _DATA	
FileHandleDst  . . . . . . . . .	Word	 0040	  _DATA	
FileHandleSrc  . . . . . . . . .	Word	 003E	  _DATA	
FileNameDst  . . . . . . . . . .	Byte	 0036	  _DATA	
FileNameSrc  . . . . . . . . . .	Byte	 002F	  _DATA	
LF . . . . . . . . . . . . . . .	Number	 000Ah	 
MsgErroCreateFile  . . . . . . .	Byte	 1FCF	  _DATA	
MsgErroOpenFile  . . . . . . . .	Byte	 1F99	  _DATA	
MsgErroReadFile  . . . . . . . .	Byte	 2004	  _DATA	
MsgErroSemStart  . . . . . . . .	Byte	 203A	  _DATA	
MsgErroSemStop . . . . . . . . .	Byte	 2073	  _DATA	
MsgErroWriteFile . . . . . . . .	Byte	 20AB	  _DATA	
MsgErrorCaracterInvalido . . . .	Byte	 20E0	  _DATA	
MsgLinhaEmBranco . . . . . . . .	Byte	 2128	  _DATA	
MsgNewLine . . . . . . . . . . .	Byte	 1F8A	  _DATA	
NewBuffer  . . . . . . . . . . .	Byte	 0812	  _DATA	
NomeArquivoEntrada . . . . . . .	Byte	 0002	  _DATA	
NomeArquivoSaida . . . . . . . .	Byte	 0014	  _DATA	
OutputBuffer . . . . . . . . . .	Byte	 0FE2	  _DATA	
Pesochecksum . . . . . . . . . .	Byte	 1F84	  _DATA	
avanca_apos_0D . . . . . . . . .	L Near	 02BE	  _TEXT	
checksum_done  . . . . . . . . .	L Near	 0347	  _TEXT	
coloca_SS_terminar . . . . . . .	L Near	 03A8	  _TEXT	
coloca_valor_correto_travessao .	L Near	 032F	  _TEXT	
criaNovoBuffer_end . . . . . . .	L Near	 019D	  _TEXT	
criaNovoBuffer_insere  . . . . .	L Near	 0169	  _TEXT	
criaNovoBuffer_loop2 . . . . . .	L Near	 0166	  _TEXT	
criaNovoBuffer_loop  . . . . . .	L Near	 0128	  _TEXT	
criaNovoBuffer_print . . . . . .	L Near	 01AE	  _TEXT	
criaNovoBuffer_sem_start . . . .	L Near	 01A0	  _TEXT	
criaNovoBuffer_sem_stop  . . . .	L Near	 01B6	  _TEXT	
criarArquivoSaida  . . . . . . .	L Near	 0030	  _TEXT	
erro_caracter_invalido . . . . .	L Near	 0381	  _TEXT	
erro_linha_vazia_fim . . . . . .	L Near	 0372	  _TEXT	
erro_linha_vazia . . . . . . . .	L Near	 036D	  _TEXT	
ignora_caractere . . . . . . . .	L Near	 033B	  _TEXT	
incrementa_bx_start  . . . . . .	L Near	 0163	  _TEXT	
incrementa_di  . . . . . . . . .	L Near	 02CA	  _TEXT	
incrementa_si  . . . . . . . . .	L Near	 0312	  _TEXT	
leituraCorretaArquivoEntrada . .	L Near	 0073	  _TEXT	
lerArquivoDeEntrada  . . . . . .	L Near	 0050	  _TEXT	
loop_acha_primeiro . . . . . . .	L Near	 027F	  _TEXT	
loop_avanca_ate_acabar_palavra_incorreta . L Near   038C     _TEXT	
loop_calcula_checksum  . . . . .	L Near	 0319	  _TEXT	
loop_coloca_valores_acaba_final 	L Near	 02BD	  _TEXT	
loop_coloca_valores_acaba  . . .	L Near	 0297	  _TEXT	
loop_coloca_valores  . . . . . .	L Near	 0285	  _TEXT	
loop_conta_palavras_checksum . .	L Near	 02ED	  _TEXT	
loop_conta_palavras_end  . . . .	L Near	 02FC	  _TEXT	
loop_escrever_output_fim . . . .	L Near	 00C6	  _TEXT	
loop_escrever_output . . . . . .	L Near	 00B7	  _TEXT	
loop_percorre_string . . . . . .	L Near	 03B4	  _TEXT	
loop_transformacoes  . . . . . .	L Near	 009A	  _TEXT	
loop_volta_inicio_linha  . . . .	L Near	 024C	  _TEXT	
nao_eh_travessao . . . . . . . .	L Near	 0331	  _TEXT	
print_number_loop  . . . . . . .	L Near	 03E5	  _TEXT	
print_number_output  . . . . . .	L Near	 03F1	  _TEXT	
ps_1 . . . . . . . . . . . . . .	L Near	 03E0	  _TEXT	
pula_coloca_zero . . . . . . . .	L Near	 02BB	  _TEXT	
return_transformacao . . . . . .	L Near	 03B3	  _TEXT	
termina_calculo_checksum . . . .	L Near	 0397	  _TEXT	
terminouLerArquivoEntrada  . . .	L Near	 007A	  _TEXT	
transformaEmBarcode_codigo . . .	L Near	 026F	  _TEXT	
transformaEmBarcode_erro_caractere_invalido  L Near   024C     _TEXT	
transformaEmBarcode_fim_traducao .	L Near	 02CD	  _TEXT	
transformaEmBarcode_loop . . . .	L Near	 01D4	  _TEXT	
transforma_em_barcode_exec . . .	L Near	 0275	  _TEXT	
zerar_checksum . . . . . . . . .	L Near	 0313	  _TEXT	

	   0 Warnings
	   0 Errors
